<html>
<body>
<pre>
<h1>µVision Build Log</h1>
<h2>Tool Versions:</h2>
IDE-Version: ¦ÌVision V5.39.0.0
Copyright (C) 2023 ARM Ltd and ARM Germany GmbH. All rights reserved.
License Information: Lambert Li
SUES
User-based license: Keil MDK Community (non-commercial free of charge)
Valid until: Jun 1 2033. Cached until: May 5 2024
 
Tool Versions:
Toolchain:       Keil MDK Community (non-commercial free of charge  Version: 5.39.0.0
Toolchain Path:  G:\embedded\MDK539\ARM\ARMCLANG\Bin
C Compiler:      ArmClang.exe V6.21
Assembler:       Armasm.exe V6.21
Linker/Locator:  ArmLink.exe V6.21
Library Manager: ArmAr.exe V6.21
Hex Converter:   FromElf.exe V6.21
CPU DLL:         SARMCM3.DLL V5.39.0.0
Dialog DLL:      DCM.DLL V1.17.5.0
Target DLL:      UL2CM3.DLL V1.164.9.0
Dialog DLL:      TCM.DLL V1.56.4.0
 
<h2>Project:</h2>
C:\Users\22H2\Documents\Boards\Keil5\HM1\USER\ENV.uvprojx
Project File Date:  04/28/2024

<h2>Output:</h2>
*** Using Compiler 'V6.21', folder: 'G:\embedded\MDK539\ARM\ARMCLANG\Bin'
Build target 'HM1'
stm32f10x_it.c(25): warning: In file included from...
./stm32f10x_it.h(31): warning: In file included from...
./stm32f10x.h(18): warning: invalid UTF-8 in comment [-Winvalid-utf8]
   18 |   *              - To use or not the peripheral<92>s drivers in application code(i.e. 
      |                                                ^
./stm32f10x.h(19): warning: invalid UTF-8 in comment [-Winvalid-utf8]
   19 |   *                code will be based on direct access to peripheral<92>s registers 
      |                                                                     ^
./stm32f10x.h(26): warning: invalid UTF-8 in comment [-Winvalid-utf8]
   26 |   *           - Macros to access peripheral<92>s registers hardware
      |                                            ^
./stm32f10x.h(478): error: 'core_cm3.h' file not found
  478 | #include "core_cm3.h"
      |          ^~~~~~~~~~~~
3 warnings and 1 error generated.
compiling stm32f10x_it.c...
../STM32F10x_FWLib/src/stm32f10x_crc.c(23): error: 'stm32f10x_crc.h' file not found
   23 | #include "stm32f10x_crc.h"
      |          ^~~~~~~~~~~~~~~~~
1 error generated.
compiling stm32f10x_crc.c...
../STM32F10x_FWLib/src/stm32f10x_cec.c(23): error: 'stm32f10x_cec.h' file not found
   23 | #include "stm32f10x_cec.h"
      |          ^~~~~~~~~~~~~~~~~
1 error generated.
compiling stm32f10x_cec.c...
../STM32F10x_FWLib/src/stm32f10x_adc.c(23): error: 'stm32f10x_adc.h' file not found
   23 | #include "stm32f10x_adc.h"
      |          ^~~~~~~~~~~~~~~~~
1 error generated.
compiling stm32f10x_adc.c...
../STM32F10x_FWLib/src/misc.c(24): error: 'misc.h' file not found
   24 | #include "misc.h"
      |          ^~~~~~~~
1 error generated.
compiling misc.c...
../STM32F10x_FWLib/src/stm32f10x_can.c(23): error: 'stm32f10x_can.h' file not found
   23 | #include "stm32f10x_can.h"
      |          ^~~~~~~~~~~~~~~~~
1 error generated.
compiling stm32f10x_can.c...
system_stm32f10x.c(65): warning: In file included from...
./stm32f10x.h(18): warning: invalid UTF-8 in comment [-Winvalid-utf8]
   18 |   *              - To use or not the peripheral<92>s drivers in application code(i.e. 
      |                                                ^
./stm32f10x.h(19): warning: invalid UTF-8 in comment [-Winvalid-utf8]
   19 |   *                code will be based on direct access to peripheral<92>s registers 
      |                                                                     ^
./stm32f10x.h(26): warning: invalid UTF-8 in comment [-Winvalid-utf8]
   26 |   *           - Macros to access peripheral<92>s registers hardware
      |                                            ^
./stm32f10x.h(478): error: 'core_cm3.h' file not found
  478 | #include "core_cm3.h"
      |          ^~~~~~~~~~~~
3 warnings and 1 error generated.
compiling system_stm32f10x.c...
main.c(16): warning: In file included from...
./stm32f10x.h(18): warning: invalid UTF-8 in comment [-Winvalid-utf8]
   18 |   *              - To use or not the peripheral<92>s drivers in application code(i.e. 
      |                                                ^
./stm32f10x.h(19): warning: invalid UTF-8 in comment [-Winvalid-utf8]
   19 |   *                code will be based on direct access to peripheral<92>s registers 
      |                                                                     ^
./stm32f10x.h(26): warning: invalid UTF-8 in comment [-Winvalid-utf8]
   26 |   *           - Macros to access peripheral<92>s registers hardware
      |                                            ^
./stm32f10x.h(478): error: 'core_cm3.h' file not found
  478 | #include "core_cm3.h"
      |          ^~~~~~~~~~~~
3 warnings and 1 error generated.
compiling main.c...
../CORE/core_cm3.c(445): error: non-ASM statement in naked function is not supported
  445 |   uint32_t result=0;
      |   ^
../CORE/core_cm3.c(442): note: attribute is here
  442 | uint32_t __get_PSP(void) __attribute__( ( naked ) );
      |                                           ^
../CORE/core_cm3.c(465): error: parameter references not allowed in naked functions
  465 |                   "BX  lr     \n\t" : : "r" (topOfProcStack) );
      |                                              ^
../CORE/core_cm3.c(461): note: attribute is here
  461 | void __set_PSP(uint32_t topOfProcStack) __attribute__( ( naked ) );
      |                                                          ^
../CORE/core_cm3.c(479): error: non-ASM statement in naked function is not supported
  479 |   uint32_t result=0;
      |   ^
../CORE/core_cm3.c(476): note: attribute is here
  476 | uint32_t __get_MSP(void) __attribute__( ( naked ) );
      |                                           ^
../CORE/core_cm3.c(499): error: parameter references not allowed in naked functions
  499 |                   "BX  lr     \n\t" : : "r" (topOfMainStack) );
      |                                              ^
../CORE/core_cm3.c(495): note: attribute is here
  495 | void __set_MSP(uint32_t topOfMainStack) __attribute__( ( naked ) );
      |                                                          ^
../CORE/core_cm3.c(509): warning: no previous prototype for function '__get_BASEPRI' [-Wmissing-prototypes]
  509 | uint32_t __get_BASEPRI(void)
      |          ^
../CORE/core_cm3.c(509): note: declare 'static' if the function is not intended to be used outside of this translation unit
  509 | uint32_t __get_BASEPRI(void)
      | ^
      | static 
../CORE/core_cm3.c(524): warning: no previous prototype for function '__set_BASEPRI' [-Wmissing-prototypes]
  524 | void __set_BASEPRI(uint32_t value)
      |      ^
../CORE/core_cm3.c(524): note: declare 'static' if the function is not intended to be used outside of this translation unit
  524 | void __set_BASEPRI(uint32_t value)
      | ^
      | static 
../CORE/core_cm3.c(536): warning: no previous prototype for function '__get_PRIMASK' [-Wmissing-prototypes]
  536 | uint32_t __get_PRIMASK(void)
      |          ^
../CORE/core_cm3.c(536): note: declare 'static' if the function is not intended to be used outside of this translation unit
  536 | uint32_t __get_PRIMASK(void)
      | ^
      | static 
../CORE/core_cm3.c(551): warning: no previous prototype for function '__set_PRIMASK' [-Wmissing-prototypes]
  551 | void __set_PRIMASK(uint32_t priMask)
      |      ^
../CORE/core_cm3.c(551): note: declare 'static' if the function is not intended to be used outside of this translation unit
  551 | void __set_PRIMASK(uint32_t priMask)
      | ^
      | static 
../CORE/core_cm3.c(563): warning: no previous prototype for function '__get_FAULTMASK' [-Wmissing-prototypes]
  563 | uint32_t __get_FAULTMASK(void)
      |          ^
../CORE/core_cm3.c(563): note: declare 'static' if the function is not intended to be used outside of this translation unit
  563 | uint32_t __get_FAULTMASK(void)
      | ^
      | static 
../CORE/core_cm3.c(578): warning: no previous prototype for function '__set_FAULTMASK' [-Wmissing-prototypes]
  578 | void __set_FAULTMASK(uint32_t faultMask)
      |      ^
../CORE/core_cm3.c(578): note: declare 'static' if the function is not intended to be used outside of this translation unit
  578 | void __set_FAULTMASK(uint32_t faultMask)
      | ^
      | static 
../CORE/core_cm3.c(590): warning: no previous prototype for function '__get_CONTROL' [-Wmissing-prototypes]
  590 | uint32_t __get_CONTROL(void)
      |          ^
../CORE/core_cm3.c(590): note: declare 'static' if the function is not intended to be used outside of this translation unit
  590 | uint32_t __get_CONTROL(void)
      | ^
      | static 
../CORE/core_cm3.c(605): warning: no previous prototype for function '__set_CONTROL' [-Wmissing-prototypes]
  605 | void __set_CONTROL(uint32_t control)
      |      ^
../CORE/core_cm3.c(605): note: declare 'static' if the function is not intended to be used outside of this translation unit
  605 | void __set_CONTROL(uint32_t control)
      | ^
      | static 
../CORE/core_cm3.c(619): warning: no previous prototype for function '__REV' [-Wmissing-prototypes]
  619 | uint32_t __REV(uint32_t value)
      |          ^
../CORE/core_cm3.c(619): note: declare 'static' if the function is not intended to be used outside of this translation unit
  619 | uint32_t __REV(uint32_t value)
      | ^
      | static 
../CORE/core_cm3.c(635): warning: no previous prototype for function '__REV16' [-Wmissing-prototypes]
  635 | uint32_t __REV16(uint16_t value)
      |          ^
../CORE/core_cm3.c(635): note: declare 'static' if the function is not intended to be used outside of this translation unit
  635 | uint32_t __REV16(uint16_t value)
      | ^
      | static 
../CORE/core_cm3.c(656): warning: implicit conversion changes signedness: 'uint32_t' (aka 'unsigned int') to 'int32_t' (aka 'int') [-Wsign-conversion]
  656 |   return(result);
      |   ~~~~~~ ^~~~~~
../CORE/core_cm3.c(651): warning: no previous prototype for function '__REVSH' [-Wmissing-prototypes]
  651 | int32_t __REVSH(int16_t value)
      |         ^
../CORE/core_cm3.c(651): note: declare 'static' if the function is not intended to be used outside of this translation unit
  651 | int32_t __REVSH(int16_t value)
      | ^
      | static 
../CORE/core_cm3.c(667): warning: no previous prototype for function '__RBIT' [-Wmissing-prototypes]
  667 | uint32_t __RBIT(uint32_t value)
      |          ^
../CORE/core_cm3.c(667): note: declare 'static' if the function is not intended to be used outside of this translation unit
  667 | uint32_t __RBIT(uint32_t value)
      | ^
      | static 
../CORE/core_cm3.c(683): warning: no previous prototype for function '__LDREXB' [-Wmissing-prototypes]
  683 | uint8_t __LDREXB(uint8_t *addr)
      |         ^
../CORE/core_cm3.c(683): note: declare 'static' if the function is not intended to be used outside of this translation unit
  683 | uint8_t __LDREXB(uint8_t *addr)
      | ^
      | static 
../CORE/core_cm3.c(699): warning: no previous prototype for function '__LDREXH' [-Wmissing-prototypes]
  699 | uint16_t __LDREXH(uint16_t *addr)
      |          ^
../CORE/core_cm3.c(699): note: declare 'static' if the function is not intended to be used outside of this translation unit
  699 | uint16_t __LDREXH(uint16_t *addr)
      | ^
      | static 
../CORE/core_cm3.c(715): warning: no previous prototype for function '__LDREXW' [-Wmissing-prototypes]
  715 | uint32_t __LDREXW(uint32_t *addr)
      |          ^
../CORE/core_cm3.c(715): note: declare 'static' if the function is not intended to be used outside of this translation unit
  715 | uint32_t __LDREXW(uint32_t *addr)
      | ^
      | static 
../CORE/core_cm3.c(732): warning: no previous prototype for function '__STREXB' [-Wmissing-prototypes]
  732 | uint32_t __STREXB(uint8_t value, uint8_t *addr)
      |          ^
../CORE/core_cm3.c(732): note: declare 'static' if the function is not intended to be used outside of this translation unit
  732 | uint32_t __STREXB(uint8_t value, uint8_t *addr)
      | ^
      | static 
../CORE/core_cm3.c(749): warning: no previous prototype for function '__STREXH' [-Wmissing-prototypes]
  749 | uint32_t __STREXH(uint16_t value, uint16_t *addr)
      |          ^
../CORE/core_cm3.c(749): note: declare 'static' if the function is not intended to be used outside of this translation unit
  749 | uint32_t __STREXH(uint16_t value, uint16_t *addr)
      | ^
      | static 
../CORE/core_cm3.c(766): warning: no previous prototype for function '__STREXW' [-Wmissing-prototypes]
  766 | uint32_t __STREXW(uint32_t value, uint32_t *addr)
      |          ^
../CORE/core_cm3.c(766): note: declare 'static' if the function is not intended to be used outside of this translation unit
  766 | uint32_t __STREXW(uint32_t value, uint32_t *addr)
      | ^
      | static 
19 warnings and 4 errors generated.
compiling core_cm3.c...
assembling startup_stm32f10x_hd.s...
../STM32F10x_FWLib/src/stm32f10x_bkp.c(23): error: 'stm32f10x_bkp.h' file not found
   23 | #include "stm32f10x_bkp.h"
      |          ^~~~~~~~~~~~~~~~~
1 error generated.
compiling stm32f10x_bkp.c...
../STM32F10x_FWLib/src/stm32f10x_dac.c(23): error: 'stm32f10x_dac.h' file not found
   23 | #include "stm32f10x_dac.h"
      |          ^~~~~~~~~~~~~~~~~
1 error generated.
compiling stm32f10x_dac.c...
../STM32F10x_FWLib/src/stm32f10x_dbgmcu.c(23): error: 'stm32f10x_dbgmcu.h' file not found
   23 | #include "stm32f10x_dbgmcu.h"
      |          ^~~~~~~~~~~~~~~~~~~~
1 error generated.
compiling stm32f10x_dbgmcu.c...
../STM32F10x_FWLib/src/stm32f10x_dma.c(23): error: 'stm32f10x_dma.h' file not found
   23 | #include "stm32f10x_dma.h"
      |          ^~~~~~~~~~~~~~~~~
1 error generated.
compiling stm32f10x_dma.c...
../STM32F10x_FWLib/src/stm32f10x_exti.c(23): error: 'stm32f10x_exti.h' file not found
   23 | #include "stm32f10x_exti.h"
      |          ^~~~~~~~~~~~~~~~~~
1 error generated.
compiling stm32f10x_exti.c...
../STM32F10x_FWLib/src/stm32f10x_flash.c(23): error: 'stm32f10x_flash.h' file not found
   23 | #include "stm32f10x_flash.h"
      |          ^~~~~~~~~~~~~~~~~~~
1 error generated.
compiling stm32f10x_flash.c...
../STM32F10x_FWLib/src/stm32f10x_fsmc.c(23): error: 'stm32f10x_fsmc.h' file not found
   23 | #include "stm32f10x_fsmc.h"
      |          ^~~~~~~~~~~~~~~~~~
1 error generated.
compiling stm32f10x_fsmc.c...
../STM32F10x_FWLib/src/stm32f10x_gpio.c(23): error: 'stm32f10x_gpio.h' file not found
   23 | #include "stm32f10x_gpio.h"
      |          ^~~~~~~~~~~~~~~~~~
1 error generated.
compiling stm32f10x_gpio.c...
../STM32F10x_FWLib/src/stm32f10x_i2c.c(23): error: 'stm32f10x_i2c.h' file not found
   23 | #include "stm32f10x_i2c.h"
      |          ^~~~~~~~~~~~~~~~~
1 error generated.
compiling stm32f10x_i2c.c...
../STM32F10x_FWLib/src/stm32f10x_pwr.c(23): error: 'stm32f10x_pwr.h' file not found
   23 | #include "stm32f10x_pwr.h"
      |          ^~~~~~~~~~~~~~~~~
1 error generated.
compiling stm32f10x_pwr.c...
../STM32F10x_FWLib/src/stm32f10x_rcc.c(23): error: 'stm32f10x_rcc.h' file not found
   23 | #include "stm32f10x_rcc.h"
      |          ^~~~~~~~~~~~~~~~~
1 error generated.
compiling stm32f10x_rcc.c...
../STM32F10x_FWLib/src/stm32f10x_iwdg.c(23): error: 'stm32f10x_iwdg.h' file not found
   23 | #include "stm32f10x_iwdg.h"
      |          ^~~~~~~~~~~~~~~~~~
1 error generated.
compiling stm32f10x_iwdg.c...
../STM32F10x_FWLib/src/stm32f10x_rtc.c(23): error: 'stm32f10x_rtc.h' file not found
   23 | #include "stm32f10x_rtc.h"
      |          ^~~~~~~~~~~~~~~~~
1 error generated.
compiling stm32f10x_rtc.c...
../STM32F10x_FWLib/src/stm32f10x_sdio.c(23): error: 'stm32f10x_sdio.h' file not found
   23 | #include "stm32f10x_sdio.h"
      |          ^~~~~~~~~~~~~~~~~~
1 error generated.
compiling stm32f10x_sdio.c...
../STM32F10x_FWLib/src/stm32f10x_spi.c(23): error: 'stm32f10x_spi.h' file not found
   23 | #include "stm32f10x_spi.h"
      |          ^~~~~~~~~~~~~~~~~
1 error generated.
compiling stm32f10x_spi.c...
../STM32F10x_FWLib/src/stm32f10x_tim.c(23): error: 'stm32f10x_tim.h' file not found
   23 | #include "stm32f10x_tim.h"
      |          ^~~~~~~~~~~~~~~~~
1 error generated.
compiling stm32f10x_tim.c...
../STM32F10x_FWLib/src/stm32f10x_usart.c(23): error: 'stm32f10x_usart.h' file not found
   23 | #include "stm32f10x_usart.h"
      |          ^~~~~~~~~~~~~~~~~~~
1 error generated.
compiling stm32f10x_usart.c...
../STM32F10x_FWLib/src/stm32f10x_wwdg.c(23): error: 'stm32f10x_wwdg.h' file not found
   23 | #include "stm32f10x_wwdg.h"
      |          ^~~~~~~~~~~~~~~~~~
1 error generated.
compiling stm32f10x_wwdg.c...
".\Objects\ENV.axf" - 30 Error(s), 28 Warning(s).

<h2>Software Packages used:</h2>

Package Vendor: Keil
                https://www.keil.com/pack/Keil.STM32F1xx_DFP.2.4.1.pack
                Keil::STM32F1xx_DFP@2.4.1
                STMicroelectronics STM32F1 Series Device Support, Drivers and Examples

<h2>Collection of Component include folders:</h2>
  G:/embedded/MDK539Pack/Keil/STM32F1xx_DFP/2.4.1/Device/Include

<h2>Collection of Component Files used:</h2>
Target not created.
Build Time Elapsed:  00:00:01
</pre>
</body>
</html>
